2026-03-09 01:01:56.355 [info] [main] Log level: Info
2026-03-09 01:01:56.355 [info] [main] Validating found git in: "git"
2026-03-09 01:01:56.355 [info] [main] Using git "2.53.0" from "git"
2026-03-09 01:01:56.355 [info] [Model][doInitialScan] Initial repository scan started
2026-03-09 01:01:56.355 [info] [Model][doInitialScan] Initial repository scan completed - repositories (0), closed repositories (0), parent repositories (0), unsafe repositories (0)
2026-03-09 01:03:03.568 [info] [main] Log level: Info
2026-03-09 01:03:03.568 [info] [main] Validating found git in: "git"
2026-03-09 01:03:03.568 [info] [main] Using git "2.53.0" from "git"
2026-03-09 01:03:03.568 [info] [Model][doInitialScan] Initial repository scan started
2026-03-09 01:03:03.568 [info] > git rev-parse --show-toplevel [20ms]
2026-03-09 01:03:03.575 [info] > git rev-parse --git-dir --git-common-dir --show-superproject-working-tree [3ms]
2026-03-09 01:03:03.595 [info] [Model][openRepository] Opened repository (path): /home/hamato/Projects/Hyperland-dots
2026-03-09 01:03:03.595 [info] [Model][openRepository] Opened repository (real path): /home/hamato/Projects/Hyperland-dots
2026-03-09 01:03:03.595 [info] [Model][openRepository] Opened repository (kind): repository
2026-03-09 01:03:03.597 [info] [Model][doInitialScan] Initial repository scan completed - repositories (1), closed repositories (0), parent repositories (0), unsafe repositories (0)
2026-03-09 01:03:03.607 [info] > git config --get commit.template [3ms]
2026-03-09 01:03:03.617 [info] > git for-each-ref --format=%(refname)%00%(upstream:short)%00%(objectname)%00%(upstream:track)%00%(upstream:remotename)%00%(upstream:remoteref) refs/heads/main refs/remotes/main [3ms]
2026-03-09 01:03:03.621 [warning] [Git][revParse] Unable to read file: ENOENT: no such file or directory, open '/home/hamato/Projects/Hyperland-dots/.git/refs/remotes/origin/main'
2026-03-09 01:03:03.622 [info] > git rev-parse refs/remotes/origin/main [1ms]
2026-03-09 01:03:03.635 [info] > git status -z -uall [8ms]
2026-03-09 01:03:03.637 [info] > git for-each-ref --sort -committerdate --format %(refname)%00%(objectname)%00%(*objectname) [4ms]
2026-03-09 01:03:03.678 [info] > git for-each-ref --format=%(refname)%00%(upstream:short)%00%(objectname)%00%(upstream:track)%00%(upstream:remotename)%00%(upstream:remoteref) refs/heads/main refs/remotes/main [9ms]
2026-03-09 01:03:03.687 [info] > git config --get --local branch.main.vscode-merge-base [3ms]
2026-03-09 01:03:03.687 [warning] [Git][config] git config failed: Failed to execute git
2026-03-09 01:03:03.692 [info] > git config --get commit.template [14ms]
2026-03-09 01:03:03.702 [info] > git for-each-ref --format=%(refname)%00%(upstream:short)%00%(objectname)%00%(upstream:track)%00%(upstream:remotename)%00%(upstream:remoteref) refs/heads/main refs/remotes/main [2ms]
2026-03-09 01:03:03.707 [warning] [Git][revParse] Unable to read file: ENOENT: no such file or directory, open '/home/hamato/Projects/Hyperland-dots/.git/refs/remotes/origin/main'
2026-03-09 01:03:03.709 [info] > git rev-parse refs/remotes/origin/main [2ms]
2026-03-09 01:03:03.719 [info] > git status -z -uall [5ms]
2026-03-09 01:03:03.720 [info] > git for-each-ref --sort -committerdate --format %(refname)%00%(objectname)%00%(*objectname) [2ms]
2026-03-09 01:03:03.757 [info] > git reflog main --grep-reflog=branch: Created from *. [66ms]
2026-03-09 01:03:03.764 [info] > git symbolic-ref --short refs/remotes/origin/HEAD [2ms]
2026-03-09 01:03:03.769 [info] > git for-each-ref --format=%(refname)%00%(upstream:short)%00%(objectname)%00%(upstream:track)%00%(upstream:remotename)%00%(upstream:remoteref) refs/heads/origin/main refs/remotes/origin/main [1ms]
2026-03-09 01:03:03.775 [info] > git config --add --local branch.main.vscode-merge-base origin/main [2ms]
2026-03-09 01:03:03.786 [info] > git config --get commit.template [5ms]
2026-03-09 01:03:03.787 [info] > git for-each-ref --format=%(refname)%00%(upstream:short)%00%(objectname)%00%(upstream:track)%00%(upstream:remotename)%00%(upstream:remoteref) refs/heads/main refs/remotes/main [2ms]
2026-03-09 01:03:03.791 [warning] [Git][revParse] Unable to read file: ENOENT: no such file or directory, open '/home/hamato/Projects/Hyperland-dots/.git/refs/remotes/origin/main'
2026-03-09 01:03:03.793 [info] > git rev-parse refs/remotes/origin/main [2ms]
2026-03-09 01:03:03.803 [info] > git status -z -uall [5ms]
2026-03-09 01:03:03.804 [info] > git for-each-ref --sort -committerdate --format %(refname)%00%(objectname)%00%(*objectname) [2ms]
2026-03-09 01:03:03.821 [info] > git merge-base refs/heads/main refs/remotes/origin/main [7ms]
2026-03-09 01:03:03.830 [info] > git diff --raw --numstat --diff-filter=ADMR -z --find-renames=50% d356e6a1503e198e7e64f4c110e660a5bedb85be...refs/remotes/origin/main -- [3ms]
2026-03-09 01:03:03.831 [info] > git merge-base refs/heads/main refs/remotes/origin/main [11ms]
2026-03-09 01:03:03.838 [info] > git diff --raw --numstat --diff-filter=ADMR -z --find-renames=50% d356e6a1503e198e7e64f4c110e660a5bedb85be...refs/remotes/origin/main -- [2ms]
2026-03-09 01:03:04.147 [info] > git check-ignore -v -z --stdin [33ms]
2026-03-09 01:03:04.867 [info] > git config --get commit.template [5ms]
2026-03-09 01:03:04.868 [info] > git for-each-ref --format=%(refname)%00%(upstream:short)%00%(objectname)%00%(upstream:track)%00%(upstream:remotename)%00%(upstream:remoteref) refs/heads/main refs/remotes/main [1ms]
2026-03-09 01:03:04.872 [warning] [Git][revParse] Unable to read file: ENOENT: no such file or directory, open '/home/hamato/Projects/Hyperland-dots/.git/refs/remotes/origin/main'
2026-03-09 01:03:04.873 [info] > git rev-parse refs/remotes/origin/main [2ms]
2026-03-09 01:03:04.881 [info] > git status -z -uall [5ms]
2026-03-09 01:03:04.882 [info] > git for-each-ref --sort -committerdate --format %(refname)%00%(objectname)%00%(*objectname) [2ms]
2026-03-09 01:03:38.943 [info] > git check-ignore -v -z --stdin [3ms]
2026-03-09 01:03:39.105 [info] > git show --textconv :README.md [28ms]
2026-03-09 01:03:39.112 [info] > git ls-files --stage -- README.md [9ms]
2026-03-09 01:03:39.128 [info] > git cat-file -s 34d01a2cc3d6074ce82a736cbfcafee85684b724 [7ms]
2026-03-09 01:03:40.031 [info] > git blame --root --incremental d356e6a1503e198e7e64f4c110e660a5bedb85be -- README.md [12ms]
2026-03-09 01:03:55.093 [info] > git check-ignore -v -z --stdin [2ms]
2026-03-09 01:03:55.749 [info] > git check-ignore -v -z --stdin [1ms]
2026-03-09 01:03:55.996 [info] > git check-ignore -v -z --stdin [1ms]
2026-03-09 01:03:56.997 [info] > git check-ignore -v -z --stdin [1ms]
2026-03-09 01:03:57.750 [info] > git check-ignore -v -z --stdin [2ms]
2026-03-09 01:03:58.156 [info] > git check-ignore -v -z --stdin [2ms]
2026-03-09 01:03:58.635 [info] > git check-ignore -v -z --stdin [2ms]
2026-03-09 01:04:18.893 [info] > git config --get commit.template [4ms]
2026-03-09 01:04:18.894 [info] > git for-each-ref --format=%(refname)%00%(upstream:short)%00%(objectname)%00%(upstream:track)%00%(upstream:remotename)%00%(upstream:remoteref) refs/heads/main refs/remotes/main [1ms]
2026-03-09 01:04:18.897 [warning] [Git][revParse] Unable to read file: ENOENT: no such file or directory, open '/home/hamato/Projects/Hyperland-dots/.git/refs/remotes/origin/main'
2026-03-09 01:04:18.898 [info] > git rev-parse refs/remotes/origin/main [1ms]
2026-03-09 01:04:18.907 [info] > git status -z -uall [5ms]
2026-03-09 01:04:18.908 [info] > git for-each-ref --sort -committerdate --format %(refname)%00%(objectname)%00%(*objectname) [2ms]
2026-03-09 01:04:22.083 [info] > git log --format=%H%n%aN%n%aE%n%at%n%ct%n%P%n%D%n%B -z --shortstat --diff-merges=first-parent -n50 --skip=0 --topo-order --decorate=full --stdin [2ms]
2026-03-09 01:04:22.248 [info] > git merge-base main origin/main [2ms]
2026-03-09 01:04:23.919 [info] > git config --get commit.template [5ms]
2026-03-09 01:04:23.920 [info] > git for-each-ref --format=%(refname)%00%(upstream:short)%00%(objectname)%00%(upstream:track)%00%(upstream:remotename)%00%(upstream:remoteref) refs/heads/main refs/remotes/main [1ms]
2026-03-09 01:04:23.924 [warning] [Git][revParse] Unable to read file: ENOENT: no such file or directory, open '/home/hamato/Projects/Hyperland-dots/.git/refs/remotes/origin/main'
2026-03-09 01:04:23.925 [info] > git rev-parse refs/remotes/origin/main [1ms]
2026-03-09 01:04:23.932 [info] > git status -z -uall [4ms]
2026-03-09 01:04:23.934 [info] > git for-each-ref --sort -committerdate --format %(refname)%00%(objectname)%00%(*objectname) [3ms]
2026-03-09 01:05:04.233 [info] > git add -A -- README.md [2ms]
2026-03-09 01:05:04.243 [info] > git config --get commit.template [4ms]
2026-03-09 01:05:04.244 [info] > git for-each-ref --format=%(refname)%00%(upstream:short)%00%(objectname)%00%(upstream:track)%00%(upstream:remotename)%00%(upstream:remoteref) refs/heads/main refs/remotes/main [2ms]
2026-03-09 01:05:04.248 [warning] [Git][revParse] Unable to read file: ENOENT: no such file or directory, open '/home/hamato/Projects/Hyperland-dots/.git/refs/remotes/origin/main'
2026-03-09 01:05:04.250 [info] > git rev-parse refs/remotes/origin/main [1ms]
2026-03-09 01:05:04.257 [info] > git status -z -uall [4ms]
2026-03-09 01:05:04.258 [info] > git for-each-ref --sort -committerdate --format %(refname)%00%(objectname)%00%(*objectname) [1ms]
2026-03-09 01:05:04.568 [info] > git check-ignore -v -z --stdin [1ms]
2026-03-09 01:05:04.580 [info] > git show --textconv HEAD:README.md [6ms]
2026-03-09 01:05:04.581 [info] > git ls-tree -l HEAD -- README.md [2ms]
2026-03-09 01:05:05.322 [info] > git config --get commit.template [5ms]
2026-03-09 01:05:05.322 [info] > git for-each-ref --format=%(refname)%00%(upstream:short)%00%(objectname)%00%(upstream:track)%00%(upstream:remotename)%00%(upstream:remoteref) refs/heads/main refs/remotes/main [1ms]
2026-03-09 01:05:05.326 [warning] [Git][revParse] Unable to read file: ENOENT: no such file or directory, open '/home/hamato/Projects/Hyperland-dots/.git/refs/remotes/origin/main'
2026-03-09 01:05:05.327 [info] > git rev-parse refs/remotes/origin/main [2ms]
2026-03-09 01:05:05.337 [info] > git status -z -uall [4ms]
2026-03-09 01:05:05.338 [info] > git for-each-ref --sort -committerdate --format %(refname)%00%(objectname)%00%(*objectname) [1ms]
2026-03-09 01:05:05.420 [info] > git ls-files --stage -- README.md [4ms]
2026-03-09 01:05:05.424 [info] > git ls-tree -l HEAD -- README.md [4ms]
2026-03-09 01:05:05.425 [info] > git cat-file -s 5343ca17cd91dec6d19cc23d5ed5882dc24d19d4 [1ms]
2026-03-09 01:05:05.435 [info] > git show --textconv HEAD:README.md [4ms]
2026-03-09 01:05:05.435 [info] > git show --textconv :README.md [1ms]
2026-03-09 01:05:05.644 [info] > git check-ignore -v -z --stdin [2ms]
2026-03-09 01:05:14.465 [info] > git -c user.useConfigOnly=true commit --quiet --allow-empty-message --file - [2ms]
2026-03-09 01:05:14.465 [info] Author identity unknown

*** Please tell me who you are.

Run

  git config --global user.email "you@example.com"
  git config --global user.name "Your Name"

to set your account's default identity.
Omit --global to set the identity only in this repository.

fatal: no email was given and auto-detection is disabled
2026-03-09 01:05:14.470 [info] > git config --get-all user.name [1ms]
2026-03-09 01:05:14.481 [info] > git config --get commit.template [7ms]
2026-03-09 01:05:14.482 [info] > git for-each-ref --format=%(refname)%00%(upstream:short)%00%(objectname)%00%(upstream:track)%00%(upstream:remotename)%00%(upstream:remoteref) refs/heads/main refs/remotes/main [2ms]
2026-03-09 01:05:14.486 [warning] [Git][revParse] Unable to read file: ENOENT: no such file or directory, open '/home/hamato/Projects/Hyperland-dots/.git/refs/remotes/origin/main'
2026-03-09 01:05:14.489 [info] > git rev-parse refs/remotes/origin/main [3ms]
2026-03-09 01:05:14.499 [info] > git status -z -uall [5ms]
2026-03-09 01:05:14.500 [info] > git for-each-ref --sort -committerdate --format %(refname)%00%(objectname)%00%(*objectname) [1ms]
2026-03-09 01:05:31.582 [info] > git config --get commit.template [8ms]
2026-03-09 01:05:31.583 [info] > git for-each-ref --format=%(refname)%00%(upstream:short)%00%(objectname)%00%(upstream:track)%00%(upstream:remotename)%00%(upstream:remoteref) refs/heads/main refs/remotes/main [3ms]
2026-03-09 01:05:31.589 [warning] [Git][revParse] Unable to read file: ENOENT: no such file or directory, open '/home/hamato/Projects/Hyperland-dots/.git/refs/remotes/origin/main'
2026-03-09 01:05:31.591 [info] > git rev-parse refs/remotes/origin/main [2ms]
2026-03-09 01:05:31.602 [info] > git status -z -uall [6ms]
2026-03-09 01:05:31.604 [info] > git for-each-ref --sort -committerdate --format %(refname)%00%(objectname)%00%(*objectname) [2ms]
2026-03-09 01:05:31.736 [info] > git ls-files --stage -- README.md [12ms]
2026-03-09 01:05:31.744 [info] > git ls-tree -l HEAD -- README.md [10ms]
2026-03-09 01:05:31.746 [info] > git cat-file -s 5343ca17cd91dec6d19cc23d5ed5882dc24d19d4 [3ms]
2026-03-09 01:05:31.964 [info] > git show --textconv HEAD:README.md [9ms]
2026-03-09 01:05:31.966 [info] > git show --textconv :README.md [4ms]
2026-03-09 01:08:30.813 [info] > git -c user.useConfigOnly=true commit --quiet --allow-empty-message --file - [6ms]
2026-03-09 01:08:30.818 [info] > git config --get commit.template [1ms]
2026-03-09 01:08:30.831 [info] > git config --get commit.template [6ms]
2026-03-09 01:08:30.832 [info] > git for-each-ref --format=%(refname)%00%(upstream:short)%00%(objectname)%00%(upstream:track)%00%(upstream:remotename)%00%(upstream:remoteref) refs/heads/main refs/remotes/main [1ms]
2026-03-09 01:08:30.838 [warning] [Git][revParse] Unable to read file: ENOENT: no such file or directory, open '/home/hamato/Projects/Hyperland-dots/.git/refs/remotes/origin/main'
2026-03-09 01:08:30.842 [info] > git rev-parse refs/remotes/origin/main [4ms]
2026-03-09 01:08:30.856 [info] > git status -z -uall [10ms]
2026-03-09 01:08:30.856 [info] > git for-each-ref --sort -committerdate --format %(refname)%00%(objectname)%00%(*objectname) [4ms]
2026-03-09 01:08:30.871 [info] > git merge-base refs/heads/main refs/remotes/origin/main [5ms]
2026-03-09 01:08:30.879 [info] > git diff --raw --numstat --diff-filter=ADMR -z --find-renames=50% d356e6a1503e198e7e64f4c110e660a5bedb85be...refs/remotes/origin/main -- [2ms]
2026-03-09 01:08:30.895 [info] > git log --format=%H%n%aN%n%aE%n%at%n%ct%n%P%n%D%n%B -z --shortstat --diff-merges=first-parent -n50 --skip=0 --topo-order --decorate=full --stdin [1ms]
2026-03-09 01:08:30.918 [info] > git config --get commit.template [3ms]
2026-03-09 01:08:30.925 [info] > git for-each-ref --format=%(refname)%00%(upstream:short)%00%(objectname)%00%(upstream:track)%00%(upstream:remotename)%00%(upstream:remoteref) refs/heads/main refs/remotes/main [2ms]
2026-03-09 01:08:30.931 [warning] [Git][revParse] Unable to read file: ENOENT: no such file or directory, open '/home/hamato/Projects/Hyperland-dots/.git/refs/remotes/origin/main'
2026-03-09 01:08:30.932 [info] > git rev-parse refs/remotes/origin/main [1ms]
2026-03-09 01:08:30.946 [info] > git status -z -uall [8ms]
2026-03-09 01:08:30.952 [info] > git for-each-ref --sort -committerdate --format %(refname)%00%(objectname)%00%(*objectname) [7ms]
2026-03-09 01:08:30.957 [info] > git merge-base main origin/main [7ms]
2026-03-09 01:08:31.262 [info] > git check-ignore -v -z --stdin [1ms]
2026-03-09 01:08:31.274 [info] > git blame --root --incremental 6ed80e06ce9ee570f0cfeac270a1ead35b3d3135 -- README.md [2ms]
2026-03-09 01:08:32.026 [info] > git ls-files --stage -- README.md [1ms]
2026-03-09 01:08:32.032 [info] > git cat-file -s 5343ca17cd91dec6d19cc23d5ed5882dc24d19d4 [2ms]
2026-03-09 01:08:32.041 [info] > git show --textconv :README.md [2ms]
2026-03-09 01:09:02.685 [info] > git log --oneline --cherry main...main@{upstream} -- [43ms]
2026-03-09 01:09:03.529 [info] > git pull --tags origin main [838ms]
2026-03-09 01:09:03.529 [info] From https://github.com/Hamat09/Hyperland-dots
 * branch            main       -> FETCH_HEAD
2026-03-09 01:09:26.150 [info] > git ls-files --stage -- README.md [16ms]
2026-03-09 01:09:26.157 [info] > git cat-file -s 5343ca17cd91dec6d19cc23d5ed5882dc24d19d4 [2ms]
2026-03-09 01:09:26.169 [info] > git show --textconv :README.md [2ms]
2026-03-09 01:11:10.590 [info] > git push origin main:main [127052ms]
2026-03-09 01:11:10.590 [info] To https://github.com/Hamat09/Hyperland-dots.git
   d356e6a..6ed80e0  main -> main
2026-03-09 01:11:10.615 [info] > git config --get commit.template [13ms]
2026-03-09 01:11:10.620 [info] > git for-each-ref --format=%(refname)%00%(upstream:short)%00%(objectname)%00%(upstream:track)%00%(upstream:remotename)%00%(upstream:remoteref) refs/heads/main refs/remotes/main [6ms]
2026-03-09 01:11:10.642 [info] > git status -z -uall [12ms]
2026-03-09 01:11:10.645 [info] > git for-each-ref --sort -committerdate --format %(refname)%00%(objectname)%00%(*objectname) [4ms]
2026-03-09 01:11:10.674 [info] > git merge-base refs/heads/main refs/remotes/origin/main [5ms]
2026-03-09 01:11:10.689 [info] > git diff --raw --numstat --diff-filter=ADMR -z --find-renames=50% 6ed80e06ce9ee570f0cfeac270a1ead35b3d3135...refs/remotes/origin/main -- [6ms]
2026-03-09 01:11:10.709 [info] > git log --format=%H%n%aN%n%aE%n%at%n%ct%n%P%n%D%n%B -z --shortstat --diff-merges=first-parent -n50 --skip=0 --topo-order --decorate=full --stdin [5ms]
2026-03-09 01:11:11.477 [info] > git merge-base main origin/main [5ms]
2026-03-09 01:11:29.071 [info] > git config --get commit.template [26ms]
2026-03-09 01:11:29.075 [info] > git ls-files --stage -- README.md [7ms]
2026-03-09 01:11:29.111 [info] > git cat-file -s 5343ca17cd91dec6d19cc23d5ed5882dc24d19d4 [13ms]
2026-03-09 01:11:29.113 [info] > git for-each-ref --format=%(refname)%00%(upstream:short)%00%(objectname)%00%(upstream:track)%00%(upstream:remotename)%00%(upstream:remoteref) refs/heads/main refs/remotes/main [4ms]
2026-03-09 01:11:29.193 [info] > git status -z -uall [53ms]
2026-03-09 01:11:29.193 [info] > git for-each-ref --sort -committerdate --format %(refname)%00%(objectname)%00%(*objectname) [29ms]
2026-03-09 01:11:29.206 [info] > git show --textconv :README.md [15ms]
2026-03-09 01:12:57.657 [info] > git check-ignore -v -z --stdin [1ms]
2026-03-09 01:13:03.206 [info] > git config --get commit.template [21ms]
2026-03-09 01:13:03.214 [info] > git for-each-ref --format=%(refname)%00%(upstream:short)%00%(objectname)%00%(upstream:track)%00%(upstream:remotename)%00%(upstream:remoteref) refs/heads/main refs/remotes/main [8ms]
2026-03-09 01:13:03.260 [info] > git status -z -uall [24ms]
2026-03-09 01:13:03.261 [info] > git for-each-ref --sort -committerdate --format %(refname)%00%(objectname)%00%(*objectname) [5ms]
2026-03-09 01:13:29.722 [info] > git check-ignore -v -z --stdin [2ms]
2026-03-09 01:13:33.949 [info] > git config --get commit.template [21ms]
2026-03-09 01:13:33.954 [info] > git for-each-ref --format=%(refname)%00%(upstream:short)%00%(objectname)%00%(upstream:track)%00%(upstream:remotename)%00%(upstream:remoteref) refs/heads/main refs/remotes/main [7ms]
2026-03-09 01:13:33.995 [info] > git status -z -uall [16ms]
2026-03-09 01:13:34.004 [info] > git for-each-ref --sort -committerdate --format %(refname)%00%(objectname)%00%(*objectname) [11ms]
